[22:14:36] [Server thread/INFO]: Starting minecraft server version 1.7.10
[22:15:13] [Server thread/INFO]: Loading properties
[22:15:13] [Server thread/INFO]: Default game type: SURVIVAL
[22:15:13] [Server thread/INFO]: Generating keypair
[22:15:13] [Server thread/INFO]: Starting Minecraft server on *:25565
[22:15:35] [Server thread/INFO]: Preparing level "world"
[22:15:42] [Server thread/INFO]: Preparing start region for level 0
[22:15:43] [Server thread/INFO]: Preparing spawn area: 62%
[22:15:43] [Server thread/INFO]: Done (8.698s)! For help, type "help" or "?"
[22:17:29] [Server thread/INFO]: Starting minecraft server version 1.7.10
[22:17:29] [Server console handler/ERROR]: Exception handling console input
java.io.IOException: The handle is invalid
	at java.io.FileInputStream.readBytes(Native Method) ~[?:1.8.0_45]
	at java.io.FileInputStream.read(Unknown Source) ~[?:1.8.0_45]
	at java.io.BufferedInputStream.read1(Unknown Source) ~[?:1.8.0_45]
	at java.io.BufferedInputStream.read(Unknown Source) ~[?:1.8.0_45]
	at sun.nio.cs.StreamDecoder.readBytes(Unknown Source) ~[?:1.8.0_45]
	at sun.nio.cs.StreamDecoder.implRead(Unknown Source) ~[?:1.8.0_45]
	at sun.nio.cs.StreamDecoder.read(Unknown Source) ~[?:1.8.0_45]
	at java.io.InputStreamReader.read(Unknown Source) ~[?:1.8.0_45]
	at java.io.BufferedReader.fill(Unknown Source) ~[?:1.8.0_45]
	at java.io.BufferedReader.readLine(Unknown Source) ~[?:1.8.0_45]
	at java.io.BufferedReader.readLine(Unknown Source) ~[?:1.8.0_45]
	at net.minecraft.server.dedicated.DedicatedServer$2.run(DedicatedServer.java:97) [lv.class:?]
[22:18:02] [Server thread/INFO]: Loading properties
[22:18:02] [Server thread/INFO]: Default game type: SURVIVAL
[22:18:02] [Server thread/INFO]: Generating keypair
[22:18:03] [Server thread/INFO]: Starting Minecraft server on *:25565
[22:18:21] [Server thread/INFO]: Preparing level "world"
[22:18:28] [Server thread/INFO]: Preparing start region for level 0
[22:18:28] [Server thread/INFO]: Done (7.341s)! For help, type "help" or "?"
[22:18:39] [Server thread/INFO]: Stopping server
[22:18:39] [Server thread/INFO]: Saving players
[22:18:39] [Server thread/INFO]: Saving worlds
[22:18:39] [Server thread/INFO]: Saving chunks for level 'world'/Overworld
[22:18:39] [Server thread/INFO]: Saving chunks for level 'world'/Nether
[22:18:39] [Server thread/INFO]: Saving chunks for level 'world'/The End
[22:18:39] [Server thread/INFO]: Saving chunks for level 'world'/Underdark
[22:18:39] [Server thread/INFO]: Saving chunks for level 'world'/GeostationaryOrbit
[22:18:39] [Server thread/INFO]: Saving chunks for level 'world'/Spirit World
[22:18:39] [Server thread/INFO]: Saving chunks for level 'world'/Torment
[22:18:39] [Server thread/INFO]: Saving chunks for level 'world'/Mirror
[22:18:39] [Server thread/INFO]: Saving chunks for level 'world'/The Outer Lands
[22:18:39] [Server thread/INFO]: Saving chunks for level 'world'/Bedrock
[22:18:39] [Server thread/INFO]: Saving chunks for level 'world'/The Last Millenium
[22:18:39] [Server thread/INFO]: Saving chunks for level 'world'/Twilight Forest
